<?xml version="1.0" encoding="UTF-8"?>
<!-- Generated by org.testng.reporters.JUnitXMLReporter -->
<testsuite hostname="DESKTOP-JDGVO00" ignored="0" name="Test" tests="3" failures="0" timestamp="2021-01-16T09:42:37 IST" time="36.484" errors="0">
  <testcase name="Test3" time="16.307" classname="Day_013_TestNG_Paraneters1.BrowserTesting_DataProvider3"/>
  <testcase name="Test3" time="6.05" classname="Day_013_TestNG_Paraneters1.BrowserTesting_DataProvider3"/>
  <testcase name="Test3" time="6.114" classname="Day_013_TestNG_Paraneters1.BrowserTesting_DataProvider3"/>
</testsuite> <!-- Test -->
