<?xml version="1.0" encoding="UTF-8"?>
<testng-results ignored="0" total="1" passed="1" failed="0" skipped="0">
  <reporter-output>
  </reporter-output>
  <suite started-at="2021-03-08T17:49:14 IST" name="Default suite" finished-at="2021-03-08T17:49:52 IST" duration-ms="38296">
    <groups>
    </groups>
    <test started-at="2021-03-08T17:49:14 IST" name="Default test" finished-at="2021-03-08T17:49:52 IST" duration-ms="38296">
      <class name="Day_002_Java.TC05_Login_NonStatic_Paarameters">
        <test-method signature="Login_Test()[pri:0, instance:Day_002_Java.TC05_Login_NonStatic_Paarameters@10feca44]" started-at="2021-03-08T17:49:14 IST" name="Login_Test" finished-at="2021-03-08T17:49:52 IST" duration-ms="38161" status="PASS">
          <reporter-output>
          </reporter-output>
        </test-method> <!-- Login_Test -->
      </class> <!-- Day_002_Java.TC05_Login_NonStatic_Paarameters -->
    </test> <!-- Default test -->
  </suite> <!-- Default suite -->
</testng-results>
